[ 2025-07-09 18:03:15,974 ] 1025 httpx - INFO - HTTP Request: GET https://dagshub.com/api/v1/user "HTTP/1.1 200 OK"
[ 2025-07-09 18:03:15,997 ] 107 dagshub - INFO - Accessing as Dhruv-DG
[ 2025-07-09 18:03:16,476 ] 1025 httpx - INFO - HTTP Request: GET https://dagshub.com/api/v1/repos/Dhruv-DG/networksecurity "HTTP/1.1 200 OK"
[ 2025-07-09 18:03:16,898 ] 1025 httpx - INFO - HTTP Request: GET https://dagshub.com/api/v1/user "HTTP/1.1 200 OK"
[ 2025-07-09 18:03:16,913 ] 107 dagshub - INFO - Initialized MLflow to track repo "Dhruv-DG/networksecurity"
[ 2025-07-09 18:03:16,913 ] 107 dagshub - INFO - Repository Dhruv-DG/networksecurity initialized!
[ 2025-07-09 18:04:16,606 ] 37 root - INFO - Start data Ingestion
[ 2025-07-09 18:04:25,881 ] 65 root - INFO - Performed train test split on the dataframe
[ 2025-07-09 18:04:25,881 ] 67 root - INFO - Exited split_data_as_train_test method of Data_Ingestion class
[ 2025-07-09 18:04:25,883 ] 75 root - INFO - Exporting train and test file path.
[ 2025-07-09 18:04:25,944 ] 84 root - INFO - Exported train and test file path.
[ 2025-07-09 18:04:25,945 ] 40 root - INFO - Data Ingestion completed and artifact: DataIngestionArtifact(trained_file_path='Artifacts\\07_09_2025_18_02_54\\data_ingestion\\ingested\\train.csv', test_file_path='Artifacts\\07_09_2025_18_02_54\\data_ingestion\\ingested\\test.csv')
[ 2025-07-09 18:04:26,004 ] 50 root - INFO - Initiate the data Validation
[ 2025-07-09 18:04:26,101 ] 36 root - INFO - Required number of columns:2
[ 2025-07-09 18:04:26,101 ] 37 root - INFO - Data frame has columns:31
[ 2025-07-09 18:04:26,101 ] 36 root - INFO - Required number of columns:2
[ 2025-07-09 18:04:26,101 ] 37 root - INFO - Data frame has columns:31
[ 2025-07-09 18:04:26,251 ] 61 root - INFO - Entered initiate_data_transformation method of DataTransformation class
[ 2025-07-09 18:04:26,251 ] 63 root - INFO - Starting data transformation
[ 2025-07-09 18:04:26,276 ] 46 root - INFO - Entered get_data_trnasformer_object method of Trnasformation class
[ 2025-07-09 18:04:26,279 ] 51 root - INFO - Initialise KNNImputer with {'missing_values': nan, 'n_neighbors': 3, 'weights': 'uniform'}
[ 2025-07-09 18:04:26,295 ] 49 root - INFO - Entered the save_object method of MainUtils class
[ 2025-07-09 18:04:26,297 ] 53 root - INFO - Exited the save_object method of MainUtils class
[ 2025-07-09 18:04:26,297 ] 49 root - INFO - Entered the save_object method of MainUtils class
[ 2025-07-09 18:04:26,302 ] 53 root - INFO - Exited the save_object method of MainUtils class
[ 2025-07-09 18:10:12,934 ] 49 root - INFO - Entered the save_object method of MainUtils class
[ 2025-07-09 18:10:12,950 ] 53 root - INFO - Exited the save_object method of MainUtils class
[ 2025-07-09 18:10:12,950 ] 49 root - INFO - Entered the save_object method of MainUtils class
[ 2025-07-09 18:10:13,424 ] 53 root - INFO - Exited the save_object method of MainUtils class
[ 2025-07-09 18:10:13,424 ] 132 root - INFO - Model trainer artifact: ModelTrainerArtifact(trained_model_file_path='Artifacts\\07_09_2025_18_02_54\\model_trainer\\trained_model\\model.pkl', train_metric_artifact=ClassificationMetricArtifact(f1_score=0.9905937089106908, precision_score=0.9880952380952381, recall_score=0.9931048468870411), test_metric_artifact=ClassificationMetricArtifact(f1_score=0.9740680713128039, precision_score=0.9677938808373591, recall_score=0.9804241435562806))
